1732997709860	geckodriver	INFO	Listening on 127.0.0.1:50854
1732997712986	mozrunner::runner	INFO	Running command: "C:\\Users\\waleb\\.cache\\selenium\\firefox\\win64\\133.0\\firefox.exe" "--marionette" "--remote-debugging- ... 5" "--remote-allow-hosts" "localhost" "-no-remote" "-profile" "C:\\Users\\waleb\\AppData\\Local\\Temp\\rust_mozprofileAsjPuU"
console.warn: services.settings: Ignoring preference override of remote settings server
console.warn: services.settings: Allow by setting MOZ_REMOTE_SETTINGS_DEVTOOLS=1 in the environment
Dynamically enable window occlusion 0
1732997713537	Marionette	INFO	Marionette enabled
1732997713782	Marionette	INFO	Listening on port 50871
WebDriver BiDi listening on ws://127.0.0.1:50855
Read port: 50871
1732997714121	RemoteAgent	WARN	TLS certificate errors will be ignored for this session
JavaScript warning: https://www.googletagmanager.com/gtag/js?id=G-1SPG0WZDNF&cx=c&_slc=1, line 590: Script terminated by timeout at:
h.Uh@https://www.googletagmanager.com/gtag/js?id=G-1SPG0WZDNF&cx=c&_slc=1:590:487
get@https://www.googletagmanager.com/gtag/js?id=G-1SPG0WZDNF&cx=c&_slc=1:589:119
stop@https://www.googletagmanager.com/gtag/js?id=G-1SPG0WZDNF&cx=c&_slc=1:589:87
h.xl/c/<@https://www.googletagmanager.com/gtag/js?id=G-1SPG0WZDNF&cx=c&_slc=1:589:410

JavaScript error: resource://gre/modules/AsyncShutdown.sys.mjs, line 569: NotFoundError: No such JSProcessActor 'DevToolsProcess'
JavaScript error: resource://gre/modules/AsyncShutdown.sys.mjs, line 569: NotFoundError: No such JSProcessActor 'DevToolsProcess'
JavaScript error: resource://gre/modules/AsyncShutdown.sys.mjs, line 569: NotFoundError: No such JSProcessActor 'DevToolsProcess'
JavaScript error: resource://gre/modules/AsyncShutdown.sys.mjs, line 569: NotFoundError: No such JSProcessActor 'DevToolsProcess'
JavaScript error: resource://gre/modules/AsyncShutdown.sys.mjs, line 569: NotFoundError: No such JSProcessActor 'DevToolsProcess'
JavaScript error: resource://gre/modules/AsyncShutdown.sys.mjs, line 569: NotFoundError: No such JSProcessActor 'DevToolsProcess'
JavaScript error: resource://gre/modules/AsyncShutdown.sys.mjs, line 569: NotFoundError: No such JSProcessActor 'DevToolsProcess'
JavaScript error: resource://gre/modules/AsyncShutdown.sys.mjs, line 569: NotFoundError: No such JSProcessActor 'DevToolsProcess'
JavaScript error: resource://gre/modules/AsyncShutdown.sys.mjs, line 569: NotFoundError: No such JSProcessActor 'DevToolsProcess'
JavaScript error: resource://gre/modules/AsyncShutdown.sys.mjs, line 569: NotFoundError: No such JSProcessActor 'DevToolsProcess'
JavaScript error: resource://gre/modules/AsyncShutdown.sys.mjs, line 569: NotFoundError: No such JSProcessActor 'DevToolsProcess'
1732997985154	Marionette	INFO	Stopped listening on port 50871
Dynamically enable window occlusion 1
console.error: "Error in worker resource://devtools/client/shared/source-map-loader/worker.js" ": "
